<?xml version="1.0" encoding="UTF-8"?>
<testng-results skipped="0" failed="0" total="0" passed="0">
  <reporter-output>
  </reporter-output>
  <suite name="org.eCom.libs.BaseTest" duration-ms="5" started-at="2016-11-30T17:37:04Z" finished-at="2016-11-30T17:37:04Z">
    <groups>
    </groups>
    <test name="Command line test" duration-ms="5" started-at="2016-11-30T17:37:04Z" finished-at="2016-11-30T17:37:04Z">
    </test> <!-- Command line test -->
  </suite> <!-- org.eCom.libs.BaseTest -->
</testng-results>
