<?xml version="1.0" encoding="UTF-8"?>
<testng-results skipped="1" failed="0" total="1" passed="0">
  <reporter-output>
  </reporter-output>
  <suite name="Default suite" duration-ms="142" started-at="2016-12-01T04:35:54Z" finished-at="2016-12-01T04:35:54Z">
    <groups>
    </groups>
    <test name="Default test" duration-ms="142" started-at="2016-12-01T04:35:54Z" finished-at="2016-12-01T04:35:54Z">
      <class name="AmazonTest.AmazonTest.AmazonTest">
        <test-method status="FAIL" signature="instantiateWebDriver()[pri:0, instance:AmazonTest.AmazonTest.AmazonTest@2f7298b]" name="instantiateWebDriver" is-config="true" duration-ms="0" started-at="2016-11-30T23:35:54Z" finished-at="2016-11-30T23:35:54Z">
          <exception class="java.lang.NullPointerException">
            <full-stacktrace>
              <![CDATA[java.lang.NullPointerException
	at AmazonTest.AmazonTest.AmazonTest.instantiateWebDriver(AmazonTest.java:20)
	at sun.reflect.NativeMethodAccessorImpl.invoke0(Native Method)
	at sun.reflect.NativeMethodAccessorImpl.invoke(Unknown Source)
	at sun.reflect.DelegatingMethodAccessorImpl.invoke(Unknown Source)
	at java.lang.reflect.Method.invoke(Unknown Source)
	at org.testng.internal.MethodInvocationHelper.invokeMethod(MethodInvocationHelper.java:100)
	at org.testng.internal.Invoker.invokeConfigurationMethod(Invoker.java:515)
	at org.testng.internal.Invoker.invokeConfigurations(Invoker.java:216)
	at org.testng.internal.Invoker.invokeConfigurations(Invoker.java:143)
	at org.testng.TestRunner.beforeRun(TestRunner.java:631)
	at org.testng.TestRunner.run(TestRunner.java:599)
	at org.testng.SuiteRunner.runTest(SuiteRunner.java:368)
	at org.testng.SuiteRunner.runSequentially(SuiteRunner.java:363)
	at org.testng.SuiteRunner.privateRun(SuiteRunner.java:321)
	at org.testng.SuiteRunner.run(SuiteRunner.java:270)
	at org.testng.SuiteRunnerWorker.runSuite(SuiteRunnerWorker.java:52)
	at org.testng.SuiteRunnerWorker.run(SuiteRunnerWorker.java:86)
	at org.testng.TestNG.runSuitesSequentially(TestNG.java:1284)
	at org.testng.TestNG.runSuitesLocally(TestNG.java:1209)
	at org.testng.TestNG.runSuites(TestNG.java:1124)
	at org.testng.TestNG.run(TestNG.java:1096)
	at org.testng.remote.AbstractRemoteTestNG.run(AbstractRemoteTestNG.java:132)
	at org.testng.remote.RemoteTestNG.initAndRun(RemoteTestNG.java:236)
	at org.testng.remote.RemoteTestNG.main(RemoteTestNG.java:81)
]]>
            </full-stacktrace>
          </exception> <!-- java.lang.NullPointerException -->
          <reporter-output>
          </reporter-output>
        </test-method> <!-- instantiateWebDriver -->
        <test-method status="SKIP" signature="myAmazonTest()[pri:0, instance:AmazonTest.AmazonTest.AmazonTest@2f7298b]" name="myAmazonTest" duration-ms="2" started-at="2016-11-30T23:35:54Z" finished-at="2016-11-30T23:35:54Z">
          <reporter-output>
          </reporter-output>
        </test-method> <!-- myAmazonTest -->
        <test-method status="SKIP" signature="closeBrowser()[pri:0, instance:AmazonTest.AmazonTest.AmazonTest@2f7298b]" name="closeBrowser" is-config="true" duration-ms="0" started-at="2016-11-30T23:35:54Z" finished-at="2016-11-30T23:35:54Z">
          <reporter-output>
          </reporter-output>
        </test-method> <!-- closeBrowser -->
      </class> <!-- AmazonTest.AmazonTest.AmazonTest -->
    </test> <!-- Default test -->
  </suite> <!-- Default suite -->
</testng-results>
