<?xml version="1.0" encoding="UTF-8"?>
<testng-results skipped="0" failed="0" total="1" passed="1">
  <reporter-output>
  </reporter-output>
  <suite name="Default suite" duration-ms="37053" started-at="2016-12-02T14:44:53Z" finished-at="2016-12-02T14:45:30Z">
    <groups>
    </groups>
    <test name="Default test" duration-ms="37053" started-at="2016-12-02T14:44:53Z" finished-at="2016-12-02T14:45:30Z">
      <class name="AmazonTest.AmazonTest">
        <test-method status="PASS" signature="instantiateWebDriver()[pri:0, instance:AmazonTest.AmazonTest@59ec2012]" name="instantiateWebDriver" is-config="true" duration-ms="11767" started-at="2016-12-02T09:44:53Z" finished-at="2016-12-02T09:45:05Z">
          <reporter-output>
          </reporter-output>
        </test-method> <!-- instantiateWebDriver -->
        <test-method status="PASS" signature="myAmazonTest()[pri:0, instance:AmazonTest.AmazonTest@59ec2012]" name="myAmazonTest" duration-ms="25254" started-at="2016-12-02T09:45:05Z" finished-at="2016-12-02T09:45:30Z">
          <reporter-output>
          </reporter-output>
        </test-method> <!-- myAmazonTest -->
      </class> <!-- AmazonTest.AmazonTest -->
    </test> <!-- Default test -->
  </suite> <!-- Default suite -->
</testng-results>
