<?xml version="1.0" encoding="UTF-8"?>
<testng-results skipped="0" failed="0" total="1" passed="1">
  <reporter-output>
  </reporter-output>
  <suite name="Default suite" duration-ms="37395" started-at="2016-12-05T18:29:00Z" finished-at="2016-12-05T18:29:37Z">
    <groups>
    </groups>
    <test name="Default test" duration-ms="37395" started-at="2016-12-05T18:29:00Z" finished-at="2016-12-05T18:29:37Z">
      <class name="AmazonTest.AmazonTest">
        <test-method status="PASS" signature="instantiateWebDriver()[pri:0, instance:AmazonTest.AmazonTest@3fee9989]" name="instantiateWebDriver" is-config="true" duration-ms="12018" started-at="2016-12-05T13:29:00Z" finished-at="2016-12-05T13:29:12Z">
          <reporter-output>
          </reporter-output>
        </test-method> <!-- instantiateWebDriver -->
        <test-method status="PASS" signature="myAmazonTest()[pri:0, instance:AmazonTest.AmazonTest@3fee9989]" name="myAmazonTest" duration-ms="23005" started-at="2016-12-05T13:29:12Z" finished-at="2016-12-05T13:29:35Z">
          <reporter-output>
          </reporter-output>
        </test-method> <!-- myAmazonTest -->
        <test-method status="PASS" signature="closeBrowser()[pri:0, instance:AmazonTest.AmazonTest@3fee9989]" name="closeBrowser" is-config="true" duration-ms="2343" started-at="2016-12-05T13:29:35Z" finished-at="2016-12-05T13:29:37Z">
          <reporter-output>
          </reporter-output>
        </test-method> <!-- closeBrowser -->
      </class> <!-- AmazonTest.AmazonTest -->
    </test> <!-- Default test -->
  </suite> <!-- Default suite -->
</testng-results>
