<?xml version="1.0" encoding="UTF-8"?>
<testng-results skipped="0" failed="1" total="1" passed="0">
  <reporter-output>
  </reporter-output>
  <suite name="Default suite" duration-ms="28859" started-at="2015-07-09T18:16:57Z" finished-at="2015-07-09T18:17:26Z">
    <groups>
    </groups>
    <test name="Test-1" duration-ms="28859" started-at="2015-07-09T18:16:57Z" finished-at="2015-07-09T18:17:26Z">
      <class name="org.eCom.libs.DriverScript">
        <test-method status="PASS" signature="instantiateWebDriver(java.lang.String, java.lang.String)[pri:0, instance:org.eCom.libs.DriverScript@59474f18]" name="instantiateWebDriver" is-config="true" duration-ms="14396" started-at="2015-07-09T23:46:57Z" finished-at="2015-07-09T23:47:11Z">
          <params>
            <param index="0">
              <value>
                <![CDATA[FireFox]]>
              </value>
            </param>
            <param index="1">
              <value>
                <![CDATA[http://demo.nopcommerce.com/]]>
              </value>
            </param>
          </params>
          <reporter-output>
          </reporter-output>
        </test-method> <!-- instantiateWebDriver -->
        <test-method status="FAIL" signature="mainMethod()[pri:0, instance:org.eCom.libs.DriverScript@59474f18]" name="mainMethod" duration-ms="14006" started-at="2015-07-09T23:47:11Z" finished-at="2015-07-09T23:47:25Z">
          <exception class="java.io.FileNotFoundException">
            <message>
              <![CDATA[src\test\java\org\eCom\reports\Report.xlsx (The process cannot access the file because it is being used by another process)]]>
            </message>
            <full-stacktrace>
              <![CDATA[java.io.FileNotFoundException: src\test\java\org\eCom\reports\Report.xlsx (The process cannot access the file because it is being used by another process)
	at java.io.FileOutputStream.open(Native Method)
	at java.io.FileOutputStream.<init>(Unknown Source)
	at java.io.FileOutputStream.<init>(Unknown Source)
	at org.eCom.libs.BaseTest.writeDataToExcel(BaseTest.java:246)
	at org.eCom.libs.DriverScript.mainMethod(DriverScript.java:58)
	at sun.reflect.NativeMethodAccessorImpl.invoke0(Native Method)
	at sun.reflect.NativeMethodAccessorImpl.invoke(Unknown Source)
	at sun.reflect.DelegatingMethodAccessorImpl.invoke(Unknown Source)
	at java.lang.reflect.Method.invoke(Unknown Source)
	at org.testng.internal.MethodInvocationHelper.invokeMethod(MethodInvocationHelper.java:84)
	at org.testng.internal.Invoker.invokeMethod(Invoker.java:714)
	at org.testng.internal.Invoker.invokeTestMethod(Invoker.java:901)
	at org.testng.internal.Invoker.invokeTestMethods(Invoker.java:1231)
	at org.testng.internal.TestMethodWorker.invokeTestMethods(TestMethodWorker.java:127)
	at org.testng.internal.TestMethodWorker.run(TestMethodWorker.java:111)
	at org.testng.TestRunner.privateRun(TestRunner.java:767)
	at org.testng.TestRunner.run(TestRunner.java:617)
	at org.testng.SuiteRunner.runTest(SuiteRunner.java:334)
	at org.testng.SuiteRunner.access$000(SuiteRunner.java:37)
	at org.testng.SuiteRunner$SuiteWorker.run(SuiteRunner.java:368)
	at org.testng.internal.thread.ThreadUtil$2.call(ThreadUtil.java:64)
	at java.util.concurrent.FutureTask.run(Unknown Source)
	at java.util.concurrent.ThreadPoolExecutor.runWorker(Unknown Source)
	at java.util.concurrent.ThreadPoolExecutor$Worker.run(Unknown Source)
	at java.lang.Thread.run(Unknown Source)
]]>
            </full-stacktrace>
          </exception> <!-- java.io.FileNotFoundException -->
          <reporter-output>
          </reporter-output>
        </test-method> <!-- mainMethod -->
        <test-method status="PASS" signature="closeBrowsers()[pri:0, instance:org.eCom.libs.DriverScript@59474f18]" name="closeBrowsers" is-config="true" duration-ms="444" started-at="2015-07-09T23:47:25Z" finished-at="2015-07-09T23:47:26Z">
          <reporter-output>
          </reporter-output>
        </test-method> <!-- closeBrowsers -->
      </class> <!-- org.eCom.libs.DriverScript -->
    </test> <!-- Test-1 -->
  </suite> <!-- Default suite -->
</testng-results>
